c:\users\damian\desktop\foodordering\projekt-cpp-foodordering-master\foodordering\foodordering\debug\vc142.pdb
c:\users\damian\desktop\foodordering\projekt-cpp-foodordering-master\foodordering\foodordering\debug\.netframework,version=v4.7.2.assemblyattributes.obj
c:\users\damian\desktop\foodordering\projekt-cpp-foodordering-master\foodordering\foodordering\debug\.netframework,version=v4.7.2.assemblyattributes.asm
c:\users\damian\desktop\foodordering\projekt-cpp-foodordering-master\foodordering\foodordering\debug\myform1.obj
c:\users\damian\desktop\foodordering\projekt-cpp-foodordering-master\foodordering\foodordering\debug\foodordering.myform1.resources
c:\users\damian\desktop\foodordering\projekt-cpp-foodordering-master\foodordering\debug\foodordering.exe
c:\users\damian\desktop\foodordering\projekt-cpp-foodordering-master\foodordering\debug\foodordering.pdb
c:\users\damian\desktop\foodordering\projekt-cpp-foodordering-master\foodordering\foodordering\debug\foodordering.tlog\metagen.write.1.tlog
c:\users\damian\desktop\foodordering\projekt-cpp-foodordering-master\foodordering\foodordering\debug\foodordering.vcxproj.generateresource.cache
c:\users\damian\desktop\foodordering\projekt-cpp-foodordering-master\foodordering\foodordering\debug\foodordering.vcxprojassemblyreference.cache
c:\users\damian\desktop\foodordering\projekt-cpp-foodordering-master\foodordering\foodordering\debug\myform.obj
c:\users\damian\desktop\foodordering\projekt-cpp-foodordering-master\foodordering\foodordering\debug\foodordering.tlog\cl.command.1.tlog
c:\users\damian\desktop\foodordering\projekt-cpp-foodordering-master\foodordering\foodordering\debug\foodordering.tlog\cl.read.1.tlog
c:\users\damian\desktop\foodordering\projekt-cpp-foodordering-master\foodordering\foodordering\debug\foodordering.tlog\cl.write.1.tlog
c:\users\damian\desktop\foodordering\projekt-cpp-foodordering-master\foodordering\foodordering\debug\foodordering.tlog\foodordering.write.1u.tlog
c:\users\damian\desktop\foodordering\projekt-cpp-foodordering-master\foodordering\foodordering\debug\foodordering.tlog\link.10536.delete.1.tlog
c:\users\damian\desktop\foodordering\projekt-cpp-foodordering-master\foodordering\foodordering\debug\foodordering.tlog\link.10724.delete.1.tlog
c:\users\damian\desktop\foodordering\projekt-cpp-foodordering-master\foodordering\foodordering\debug\foodordering.tlog\link.10868.delete.1.tlog
c:\users\damian\desktop\foodordering\projekt-cpp-foodordering-master\foodordering\foodordering\debug\foodordering.tlog\link.11544.delete.1.tlog
c:\users\damian\desktop\foodordering\projekt-cpp-foodordering-master\foodordering\foodordering\debug\foodordering.tlog\link.12040.delete.1.tlog
c:\users\damian\desktop\foodordering\projekt-cpp-foodordering-master\foodordering\foodordering\debug\foodordering.tlog\link.14068.delete.1.tlog
c:\users\damian\desktop\foodordering\projekt-cpp-foodordering-master\foodordering\foodordering\debug\foodordering.tlog\link.15876.delete.1.tlog
c:\users\damian\desktop\foodordering\projekt-cpp-foodordering-master\foodordering\foodordering\debug\foodordering.tlog\link.15924.delete.1.tlog
c:\users\damian\desktop\foodordering\projekt-cpp-foodordering-master\foodordering\foodordering\debug\foodordering.tlog\link.15964.delete.1.tlog
c:\users\damian\desktop\foodordering\projekt-cpp-foodordering-master\foodordering\foodordering\debug\foodordering.tlog\link.16272.delete.1.tlog
c:\users\damian\desktop\foodordering\projekt-cpp-foodordering-master\foodordering\foodordering\debug\foodordering.tlog\link.16304.delete.1.tlog
c:\users\damian\desktop\foodordering\projekt-cpp-foodordering-master\foodordering\foodordering\debug\foodordering.tlog\link.16320.delete.1.tlog
c:\users\damian\desktop\foodordering\projekt-cpp-foodordering-master\foodordering\foodordering\debug\foodordering.tlog\link.16816.delete.1.tlog
c:\users\damian\desktop\foodordering\projekt-cpp-foodordering-master\foodordering\foodordering\debug\foodordering.tlog\link.19064.delete.1.tlog
c:\users\damian\desktop\foodordering\projekt-cpp-foodordering-master\foodordering\foodordering\debug\foodordering.tlog\link.19284.delete.1.tlog
c:\users\damian\desktop\foodordering\projekt-cpp-foodordering-master\foodordering\foodordering\debug\foodordering.tlog\link.19408.delete.1.tlog
c:\users\damian\desktop\foodordering\projekt-cpp-foodordering-master\foodordering\foodordering\debug\foodordering.tlog\link.2272.delete.1.tlog
c:\users\damian\desktop\foodordering\projekt-cpp-foodordering-master\foodordering\foodordering\debug\foodordering.tlog\link.2300.delete.1.tlog
c:\users\damian\desktop\foodordering\projekt-cpp-foodordering-master\foodordering\foodordering\debug\foodordering.tlog\link.2400.delete.1.tlog
c:\users\damian\desktop\foodordering\projekt-cpp-foodordering-master\foodordering\foodordering\debug\foodordering.tlog\link.3604.delete.1.tlog
c:\users\damian\desktop\foodordering\projekt-cpp-foodordering-master\foodordering\foodordering\debug\foodordering.tlog\link.3856.delete.1.tlog
c:\users\damian\desktop\foodordering\projekt-cpp-foodordering-master\foodordering\foodordering\debug\foodordering.tlog\link.4324.delete.1.tlog
c:\users\damian\desktop\foodordering\projekt-cpp-foodordering-master\foodordering\foodordering\debug\foodordering.tlog\link.4368.delete.1.tlog
c:\users\damian\desktop\foodordering\projekt-cpp-foodordering-master\foodordering\foodordering\debug\foodordering.tlog\link.5376.delete.1.tlog
c:\users\damian\desktop\foodordering\projekt-cpp-foodordering-master\foodordering\foodordering\debug\foodordering.tlog\link.5672.delete.1.tlog
c:\users\damian\desktop\foodordering\projekt-cpp-foodordering-master\foodordering\foodordering\debug\foodordering.tlog\link.6408.delete.1.tlog
c:\users\damian\desktop\foodordering\projekt-cpp-foodordering-master\foodordering\foodordering\debug\foodordering.tlog\link.6920.delete.1.tlog
c:\users\damian\desktop\foodordering\projekt-cpp-foodordering-master\foodordering\foodordering\debug\foodordering.tlog\link.8016.delete.1.tlog
c:\users\damian\desktop\foodordering\projekt-cpp-foodordering-master\foodordering\foodordering\debug\foodordering.tlog\link.8108.delete.1.tlog
c:\users\damian\desktop\foodordering\projekt-cpp-foodordering-master\foodordering\foodordering\debug\foodordering.tlog\link.8660.delete.1.tlog
c:\users\damian\desktop\foodordering\projekt-cpp-foodordering-master\foodordering\foodordering\debug\foodordering.tlog\link.9220.delete.1.tlog
c:\users\damian\desktop\foodordering\projekt-cpp-foodordering-master\foodordering\foodordering\debug\foodordering.tlog\link.9300.delete.1.tlog
c:\users\damian\desktop\foodordering\projekt-cpp-foodordering-master\foodordering\foodordering\debug\foodordering.tlog\link.9308.delete.1.tlog
c:\users\damian\desktop\foodordering\projekt-cpp-foodordering-master\foodordering\foodordering\debug\foodordering.tlog\link.command.1.tlog
c:\users\damian\desktop\foodordering\projekt-cpp-foodordering-master\foodordering\foodordering\debug\foodordering.tlog\link.read.1.tlog
c:\users\damian\desktop\foodordering\projekt-cpp-foodordering-master\foodordering\foodordering\debug\foodordering.tlog\link.write.1.tlog
c:\users\damian\desktop\foodordering\projekt-cpp-foodordering-master\foodordering\foodordering\debug\foodordering.tlog\metagen.read.1.tlog
c:\users\damian\desktop\foodordering\projekt-cpp-foodordering-master\foodordering\foodordering\debug\foodordering.tlog\bunifu.core.dll.metagen
c:\users\damian\desktop\foodordering\projekt-cpp-foodordering-master\foodordering\foodordering\debug\foodordering.tlog\bunifu.ui.winforms.bunifubutton.dll.metagen
c:\users\damian\desktop\foodordering\projekt-cpp-foodordering-master\foodordering\foodordering\debug\foodordering.tlog\bunifu.ui.winforms.bunifutextbox.dll.metagen
c:\users\damian\desktop\foodordering\projekt-cpp-foodordering-master\foodordering\foodordering\debug\foodordering.tlog\bunifu_ui_v1.5.3.dll.metagen
c:\users\damian\desktop\foodordering\projekt-cpp-foodordering-master\foodordering\foodordering\debug\foodordering.tlog\mysql.data.dll.metagen
